<?xml version="1.0" encoding="UTF-8"?>
<!-- Generated by org.testng.reporters.JUnitReportReporter -->
<testsuite hostname="DESKTOP-7M5SQS4" failures="0" tests="4" name="com.tesng.annotation.GroupTest" time="0.015" errors="0" timestamp="2021-10-28T19:29:49 IST" skipped="0">
  <testcase classname="com.tesng.annotation.GroupTest" name="searchHeater" time="0.011"/>
  <system-out/>
  <testcase classname="com.tesng.annotation.GroupTest" name="searchLaptop" time="0.002"/>
  <system-out/>
  <testcase classname="com.tesng.annotation.GroupTest" name="searchMobile" time="0.001"/>
  <system-out/>
  <testcase classname="com.tesng.annotation.GroupTest" name="searchTv" time="0.001"/>
  <system-out/>
</testsuite> <!-- com.tesng.annotation.GroupTest -->
