<?xml version="1.0" encoding="UTF-8"?>
<!-- Generated by org.testng.reporters.JUnitReportReporter -->
<testsuite hostname="DESKTOP-7M5SQS4" failures="0" tests="5" name="com.tesng.annotation.TimeOutTest" time="1.037" errors="0" timestamp="2021-10-28T19:54:15 IST" skipped="0">
  <testcase classname="com.tesng.annotation.TimeOutTest" name="searchHeater" time="0.001"/>
  <system-out/>
  <testcase classname="com.tesng.annotation.TimeOutTest" name="searchTv" time="0.002"/>
  <system-out/>
  <testcase classname="com.tesng.annotation.TimeOutTest" name="searchLaptop" time="1.017"/>
  <system-out/>
  <testcase classname="com.tesng.annotation.TimeOutTest" name="searchMobile" time="0.003"/>
  <system-out/>
  <testcase classname="com.tesng.annotation.TimeOutTest" name="searchBag" time="0.014"/>
  <system-out/>
</testsuite> <!-- com.tesng.annotation.TimeOutTest -->
