<?xml version="1.0" encoding="UTF-8"?>
<!-- Generated by org.testng.reporters.JUnitReportReporter -->
<testsuite hostname="DESKTOP-7M5SQS4" failures="0" tests="1" name="com.tesng.annotation.ExceptionTest" time="0.012" errors="0" timestamp="2021-10-28T19:59:19 IST" skipped="0">
  <testcase classname="com.tesng.annotation.ExceptionTest" name="test1" time="0.012"/>
  <system-out/>
</testsuite> <!-- com.tesng.annotation.ExceptionTest -->
