<?xml version="1.0" encoding="UTF-8"?>
<!-- Generated by org.testng.reporters.JUnitReportReporter -->
<testsuite hostname="DESKTOP-7M5SQS4" failures="0" tests="3" name="com.tesng.annotation.DataProviderTest" time="0.015" errors="0" timestamp="2021-10-28T20:10:48 IST" skipped="0">
  <testcase classname="com.tesng.annotation.DataProviderTest" name="login" time="0.002"/>
  <system-out/>
  <testcase classname="com.tesng.annotation.DataProviderTest" name="login" time="0.002"/>
  <system-out/>
  <testcase classname="com.tesng.annotation.DataProviderTest" name="login" time="0.011"/>
  <system-out/>
</testsuite> <!-- com.tesng.annotation.DataProviderTest -->
