<?xml version="1.0" encoding="UTF-8"?>
<!-- Generated by org.testng.reporters.JUnitReportReporter -->
<testsuite hostname="DESKTOP-7M5SQS4" failures="0" tests="9" name="com.tesng.annotation.InvocationCount" time="0.025" errors="0" timestamp="2021-10-28T19:56:30 IST" skipped="0">
  <testcase classname="com.tesng.annotation.InvocationCount" name="searchHeater" time="0.002"/>
  <system-out/>
  <testcase classname="com.tesng.annotation.InvocationCount" name="searchTv" time="0.001"/>
  <system-out/>
  <testcase classname="com.tesng.annotation.InvocationCount" name="searchLaptop" time="0.003"/>
  <system-out/>
  <testcase classname="com.tesng.annotation.InvocationCount" name="searchMobile" time="0.002"/>
  <system-out/>
  <testcase classname="com.tesng.annotation.InvocationCount" name="searchTv" time="0.001"/>
  <system-out/>
  <testcase classname="com.tesng.annotation.InvocationCount" name="searchMobile" time="0.002"/>
  <system-out/>
  <testcase classname="com.tesng.annotation.InvocationCount" name="searchTv" time="0.002"/>
  <system-out/>
  <testcase classname="com.tesng.annotation.InvocationCount" name="searchBag" time="0.010"/>
  <system-out/>
  <testcase classname="com.tesng.annotation.InvocationCount" name="searchLaptop" time="0.002"/>
  <system-out/>
</testsuite> <!-- com.tesng.annotation.InvocationCount -->
