<?xml version="1.0" encoding="UTF-8"?>
<!-- Generated by org.testng.reporters.JUnitReportReporter -->
<testsuite hostname="DESKTOP-7M5SQS4" failures="0" tests="5" name="com.tesng.annotation.PriorityTest" time="0.060" errors="0" timestamp="2021-10-28T11:05:43 IST" skipped="0">
  <testcase classname="com.tesng.annotation.PriorityTest" name="searchLaptop" time="0.014"/>
  <system-out/>
  <testcase classname="com.tesng.annotation.PriorityTest" name="searchHeater" time="0.021"/>
  <system-out/>
  <testcase classname="com.tesng.annotation.PriorityTest" name="searchTv" time="0.007"/>
  <system-out/>
  <testcase classname="com.tesng.annotation.PriorityTest" name="searchBag" time="0.011"/>
  <system-out/>
  <testcase classname="com.tesng.annotation.PriorityTest" name="searchMobile" time="0.007"/>
  <system-out/>
</testsuite> <!-- com.tesng.annotation.PriorityTest -->
