<?xml version="1.0" encoding="UTF-8"?>
<!-- Generated by org.testng.reporters.JUnitReportReporter -->
<testsuite hostname="DESKTOP-7M5SQS4" failures="0" tests="5" name="com.tesng.annotation.GroupOfGroup" time="0.017" errors="0" timestamp="2021-10-28T19:47:48 IST" skipped="0">
  <testcase classname="com.tesng.annotation.GroupOfGroup" name="searchlaptop" time="0.002"/>
  <system-out/>
  <testcase classname="com.tesng.annotation.GroupOfGroup" name="searchMobile" time="0.011"/>
  <system-out/>
  <testcase classname="com.tesng.annotation.GroupOfGroup" name="searchWatch" time="0.001"/>
  <system-out/>
  <testcase classname="com.tesng.annotation.GroupOfGroup" name="searchShoe" time="0.002"/>
  <system-out/>
  <testcase classname="com.tesng.annotation.GroupOfGroup" name="searchTv" time="0.001"/>
  <system-out/>
</testsuite> <!-- com.tesng.annotation.GroupOfGroup -->
