<?xml version="1.0" encoding="UTF-8"?>
<!-- Generated by org.testng.reporters.JUnitReportReporter -->
<testsuite hostname="DESKTOP-7M5SQS4" failures="0" tests="3" name="com.tesng.annotation.SimpleAnnotation" time="0.019" errors="0" timestamp="2021-10-28T10:46:48 IST" skipped="0">
  <testcase classname="com.tesng.annotation.SimpleAnnotation" name="searchLaptop" time="0.003"/>
  <system-out/>
  <testcase classname="com.tesng.annotation.SimpleAnnotation" name="searchMobile" time="0.006"/>
  <system-out/>
  <testcase classname="com.tesng.annotation.SimpleAnnotation" name="searchBag" time="0.010"/>
  <system-out/>
</testsuite> <!-- com.tesng.annotation.SimpleAnnotation -->
