<?xml version="1.0" encoding="UTF-8"?>
<!-- Generated by org.testng.reporters.JUnitReportReporter -->
<testsuite hostname="DESKTOP-7M5SQS4" failures="0" tests="3" name="com.tesng.annotation.IgnoreTest" time="0.018" errors="0" timestamp="2021-10-28T11:01:53 IST" skipped="1">
  <testcase classname="com.tesng.annotation.IgnoreTest" name="searchBag" time="0.015"/>
  <system-out/>
  <testcase classname="com.tesng.annotation.IgnoreTest" name="searchTv" time="0.003"/>
  <system-out/>
  <testcase classname="com.tesng.annotation.IgnoreTest" name="searchLaptop">
    <skipped/>
  </testcase> <!-- searchLaptop -->
  <system-out/>
</testsuite> <!-- com.tesng.annotation.IgnoreTest -->
